IQ-TREE multicore version 1.6.1 for Linux 64-bit built Dec 26 2017
Developed by Bui Quang Minh, Nguyen Lam Tung, Olga Chernomor,
Heiko Schmidt, Dominik Schrempf, Michael Woodhams.

Host:    m04 (AVX, FMA3, 125 GB RAM)
Command: iqtree-omp -nt 2 -s A_fumigiatus_Af293.Popgen1.selected.SNP.fasaln -b 100 -m GTR+ASC
Seed:    494655 (Using SPRNG - Scalable Parallel Random Number Generator)
Time:    Fri Mar 30 13:02:38 2018
Kernel:  AVX+FMA - 2 threads (64 CPU cores detected)

Reading alignment file A_fumigiatus_Af293.Popgen1.selected.SNP.fasaln ... Fasta format detected
Alignment most likely contains DNA/RNA sequences
Alignment has 124 sequences with 105772 columns, 87533 distinct patterns
97697 parsimony-informative, 8075 singleton sites, 0 constant sites
              Gap/Ambiguity  Composition  p-value
   1  SAMN01815905    5.32%    failed      0.00%
   2  SAMN01815907    3.43%    failed      2.83%
   3  AF100-4-B      14.64%    passed     92.43%
   4  SAMD00013549    7.17%    passed      8.63%
   5  AF100-9-A      19.58%    passed     94.75%
   6  SAMN00717313    3.25%    failed      0.02%
   7  SAMN00717305    3.18%    failed      0.02%
   8  SAMN00717318    3.84%    failed      0.00%
   9  SAMD00013557    4.37%    passed     39.40%
  10  SAMD00019249    2.17%    passed     87.08%
  11  SAMEA3267234    4.75%    failed      0.00%
  12  SAMN01815894    3.82%    passed      5.09%
  13  SAMN00717306    3.20%    failed      0.01%
  14  Obar-4          7.43%    failed      0.12%
  15  SAMEA3267222    2.27%    failed      0.01%
  16  AF100-5-A      13.01%    passed     78.22%
  17  SAMD00019244    3.61%    passed     12.19%
  18  AF100-9-C      16.49%    passed     90.18%
  19  SAMN00717307    3.31%    failed      0.06%
  20  SAMEA3267227    3.47%    failed      0.00%
  21  SAMN00254055    4.50%    failed      0.00%
  22  SAMN01815891    4.47%    failed      0.04%
  23  SAMD00013550    8.90%    passed     25.90%
  24  SAMN01815897    5.25%    failed      0.00%
  25  SAMEA3267239    6.18%    failed      0.66%
  26  SAMD00019248    1.84%    passed     92.25%
  27  SAMN00717303    6.60%    failed      0.02%
  28  SAMN01815887    4.34%    passed     29.87%
  29  SAMN00254058    7.04%    failed      4.32%
  30  SAMN01815888    4.59%    failed      0.07%
  31  SAMN00717314    3.43%    failed      0.06%
  32  AF100-7-B      16.68%    passed     33.62%
  33  SAMN00717299    6.69%    failed      0.02%
  34  SAMD00013555    8.15%    failed      0.53%
  35  SAMEA3267237    6.30%    failed      1.75%
  36  AF100-5-C      14.73%    passed     90.94%
  37  SAMEA1709823    7.88%    passed     56.20%
  38  SAMD00013551    3.21%    passed     98.86%
  39  SAMD00013543    7.17%    passed      5.14%
  40  SAMEA3267235    6.15%    failed      3.65%
  41  AF100-8-B      20.27%    passed     14.62%
  42  SAMN01815896    3.81%    failed      0.00%
  43  SAMN00717301    7.45%    failed      0.02%
  44  SAMN01815898    3.85%    failed      0.00%
  45  SAMEA3267241    6.12%    failed      0.81%
  46  SAMN01815899    6.82%    failed      0.00%
  47  AF100-7-C      22.08%    failed      0.48%
  48  SAMN00717316    5.81%    failed      0.75%
  49  SAMN00115744    3.90%    failed      1.73%
  50  SAMEA3267243    6.19%    failed      1.05%
  51  SAMD00019246    6.98%    passed     75.56%
  52  SAMEA3267229    3.41%    failed      0.00%
  53  SAMN01815885    6.40%    failed      0.00%
  54  SAMN01815889    6.41%    failed      0.00%
  55  AF100-6-D      12.19%    passed     17.26%
  56  REF             0.00%    failed      0.00%
  57  SAMN01815895    4.31%    failed      0.03%
  58  SAMEA3267231    5.09%    failed      0.00%
  59  Obar-AF293      9.94%    failed      3.44%
  60  SAMEA3267240    6.15%    failed      0.71%
  61  SAMN01815904    5.18%    failed      0.00%
  62  SAMN01815910    6.74%    failed      0.00%
  63  SAMN00717304    6.18%    failed      0.05%
  64  SAMD00013552    6.71%    failed      0.25%
  65  SAMD00013545    7.85%    failed      3.67%
  66  Obar-12        10.35%    passed      6.82%
  67  SAMD00013548   10.39%    passed     40.08%
  68  SAMD00013547    5.67%    passed     75.58%
  69  SAMN00115745    5.50%    failed      0.00%
  70  SAMN00717298    6.73%    failed      0.03%
  71  AF100-2-B      12.58%    passed      9.36%
  72  AF100-4-A      15.09%    passed     79.27%
  73  SAMD00013553    7.06%    passed     13.74%
  74  AF100-3-A      16.23%    passed     81.30%
  75  SAMD00019247    1.90%    passed     88.36%
  76  Obar-11         9.55%    failed      0.78%
  77  SAMD00019245   10.85%    passed      9.47%
  78  AF100-2-C      12.19%    passed     35.50%
  79  SAMN01815893    4.41%    failed      0.05%
  80  AF100-3-C      16.58%    passed     54.19%
  81  AF100-6-A      12.68%    passed     72.41%
  82  AF100-7-A      29.74%    failed      0.03%
  83  SAMN01815909    3.92%    passed     26.92%
  84  SAMD00013556   18.74%    passed     76.77%
  85  SAMEA3267223    7.11%    failed      3.27%
  86  SAMEA3267221    1.91%    failed      0.31%
  87  AF100-6-B      15.31%    passed     68.12%
  88  AF100-2-A      12.28%    passed     50.76%
  89  AF100-3-B      14.03%    passed     91.33%
  90  SAMEA1709821    9.44%    passed     57.66%
  91  SAMEA3267225    6.60%    passed      8.39%
  92  SAMN01815908    2.48%    failed      0.02%
  93  SAMN01815892    2.85%    failed      0.00%
  94  SAMEA3267236    6.06%    failed      0.43%
  95  SAMEA3267230    5.69%    failed      0.00%
  96  SAMD00013559   11.90%    passed     78.61%
  97  AF100-8-A      15.80%    passed     89.20%
  98  SAMD00019243    3.75%    passed     18.41%
  99  SAMEA3267220    4.73%    failed      0.30%
 100  SAMD00019242    4.00%    passed     12.55%
 101  SAMD00013554    3.40%    passed     56.58%
 102  SAMD00013544    7.17%    passed      8.63%
 103  AF100-5-B      13.14%    passed     89.54%
 104  AF100-4-C      13.04%    passed     96.46%
 105  SAMN01815903    6.60%    failed      0.08%
 106  SAMN00717317    5.82%    failed      0.52%
 107  SAMN00717302    6.63%    failed      0.04%
 108  SAMD00013558    7.28%    failed      0.67%
 109  SAMEA3267224    2.21%    passed     74.13%
 110  SAMN01815886    6.41%    failed      0.00%
 111  SAMEA3267226    0.04%    failed      0.00%
 112  SAMN00254057    4.94%    failed      2.24%
 113  SAMN01815906    3.86%    failed      0.00%
 114  SAMD00013546    4.37%    passed     39.40%
 115  SAMN00717300    6.70%    failed      0.02%
 116  AF100-8-C      16.03%    passed     98.06%
 117  SAMN00254056    5.73%    failed      0.34%
 118  SAMEA3267242    6.19%    failed      1.28%
 119  SAMEA3267233    2.99%    failed      0.00%
 120  AF100-9-B      14.86%    passed     97.12%
 121  SAMEA3267238    2.41%    failed      0.00%
 122  SAMEA3267228    6.51%    failed      0.08%
 123  SAMEA3267232    3.03%    passed     15.77%
 124  SAMN01815890    3.92%    failed      0.00%
****  TOTAL           7.50%  72 sequences failed composition chi2 test (p-value<5%; df=3)
NOTE: minimal branch length is reduced to 0.000000945430 for long alignment

===> START BOOTSTRAP REPLICATE NUMBER 1

Creating bootstrap alignment (seed: 494655)...

Create initial parsimony tree by phylogenetic likelihood library (PLL)... 3.534 seconds
Ascertainment bias correction: 4 unobservable constant patterns

NOTE: 228 MB RAM (0 GB) is required!
Estimate model parameters (epsilon = 0.100)
1. Initial log-likelihood: -2626307.765
2. Current log-likelihood: -2451966.724
3. Current log-likelihood: -2451828.025
Optimal log-likelihood: -2451827.944
Rate parameters:  A-C: 0.96443  A-G: 4.23172  A-T: 0.98201  C-G: 0.68785  C-T: 4.21800  G-T: 1.00000
Base frequencies:  A: 0.235  C: 0.265  G: 0.261  T: 0.239
Parameters optimization took 3 rounds (81.889 sec)
Computing ML distances based on estimated model parameters... 45.001 sec
Computing BIONJ tree...
0.021 seconds
Log-likelihood of BIONJ tree: -2480200.462
--------------------------------------------------------------------
|             INITIALIZING CANDIDATE TREE SET                      |
--------------------------------------------------------------------
Generating 98 parsimony trees... 413.240 second
Computing log-likelihood of 98 initial trees ... 224.673 seconds
Current best score: -2440643.335

Do NNI search on 20 best initial trees
Estimate model parameters (epsilon = 0.100)
BETTER TREE FOUND at iteration 1: -2439833.301
Estimate model parameters (epsilon = 0.100)
BETTER TREE FOUND at iteration 2: -2439709.260
Estimate model parameters (epsilon = 0.100)
BETTER TREE FOUND at iteration 4: -2439580.885
Iteration 10 / LogL: -2440512.400 / Time: 0h:14m:58s
Iteration 20 / LogL: -2440445.924 / Time: 0h:16m:44s
Finish initializing candidate tree set (20)
Current best tree score: -2439580.885 / CPU time: 882.143
Number of iterations: 20
--------------------------------------------------------------------
|               OPTIMIZING CANDIDATE TREE SET                      |
--------------------------------------------------------------------
Estimate model parameters (epsilon = 0.100)
BETTER TREE FOUND at iteration 30: -2439427.366
Iteration 30 / LogL: -2439427.366 / Time: 0h:20m:43s (1h:11m:3s left)
Estimate model parameters (epsilon = 0.100)
BETTER TREE FOUND at iteration 34: -2439209.093
Iteration 40 / LogL: -2439472.474 / Time: 0h:24m:46s (0h:59m:27s left)
Iteration 50 / LogL: -2439372.048 / Time: 0h:30m:6s (0h:51m:25s left)
Iteration 60 / LogL: -2439718.590 / Time: 0h:34m:1s (0h:42m:32s left)
Iteration 70 / LogL: -2439920.671 / Time: 0h:37m:51s (0h:35m:0s left)
Estimate model parameters (epsilon = 0.100)
BETTER TREE FOUND at iteration 73: -2439106.029
Iteration 80 / LogL: -2439184.527 / Time: 0h:41m:52s (0h:49m:9s left)
Iteration 90 / LogL: -2440696.384 / Time: 0h:45m:50s (0h:42m:38s left)
Iteration 100 / LogL: -2440777.479 / Time: 0h:49m:47s (0h:36m:37s left)
Iteration 110 / LogL: -2439385.730 / Time: 0h:53m:29s (0h:30m:51s left)
Estimate model parameters (epsilon = 0.100)
BETTER TREE FOUND at iteration 117: -2439101.835
Iteration 120 / LogL: -2439546.188 / Time: 0h:57m:28s (0h:46m:45s left)
Iteration 130 / LogL: -2439132.959 / Time: 1h:1m:20s (0h:41m:17s left)
Iteration 140 / LogL: -2439512.016 / Time: 1h:5m:23s (0h:36m:9s left)
Iteration 150 / LogL: -2439305.554 / Time: 1h:9m:22s (0h:31m:8s left)
Estimate model parameters (epsilon = 0.100)
BETTER TREE FOUND at iteration 154: -2439100.138
Iteration 160 / LogL: -2440763.646 / Time: 1h:13m:36s (0h:43m:26s left)
Iteration 170 / LogL: -2439240.646 / Time: 1h:17m:22s (0h:38m:24s left)
Estimate model parameters (epsilon = 0.100)
UPDATE BEST LOG-LIKELIHOOD: -2439099.363
Iteration 180 / LogL: -2441901.653 / Time: 1h:21m:59s (0h:33m:50s left)
Iteration 190 / LogL: -2441476.822 / Time: 1h:25m:36s (0h:28m:57s left)
Iteration 200 / LogL: -2440630.765 / Time: 1h:29m:51s (0h:24m:21s left)
Iteration 210 / LogL: -2441132.606 / Time: 1h:33m:30s (0h:19m:39s left)
Iteration 220 / LogL: -2439810.281 / Time: 1h:37m:18s (0h:15m:5s left)
Estimate model parameters (epsilon = 0.100)
BETTER TREE FOUND at iteration 230: -2438805.741
Iteration 230 / LogL: -2438805.741 / Time: 1h:41m:42s (0h:44m:21s left)
Iteration 240 / LogL: -2441967.033 / Time: 1h:45m:45s (0h:39m:46s left)
Iteration 250 / LogL: -2440296.791 / Time: 1h:49m:36s (0h:35m:10s left)
Iteration 260 / LogL: -2445339.636 / Time: 1h:53m:25s (0h:30m:37s left)
Iteration 270 / LogL: -2440614.060 / Time: 1h:57m:17s (0h:26m:8s left)
Iteration 280 / LogL: -2439068.254 / Time: 2h:1m:11s (0h:21m:41s left)
Iteration 290 / LogL: -2438851.730 / Time: 2h:5m:12s (0h:17m:18s left)
Iteration 300 / LogL: -2438811.502 / Time: 2h:9m:14s (0h:12m:57s left)
Iteration 310 / LogL: -2438997.863 / Time: 2h:13m:2s (0h:8m:36s left)
Iteration 320 / LogL: -2438814.778 / Time: 2h:16m:54s (0h:4m:17s left)
Iteration 330 / LogL: -2445267.715 / Time: 2h:20m:44s (0h:0m:0s left)
TREE SEARCH COMPLETED AFTER 331 ITERATIONS / Time: 2h:21m:7s

--------------------------------------------------------------------
|                    FINALIZING TREE SEARCH                        |
--------------------------------------------------------------------
Performs final model parameters optimization
Estimate model parameters (epsilon = 0.010)
1. Initial log-likelihood: -2438805.741
2. Current log-likelihood: -2438805.724
3. Current log-likelihood: -2438805.713
4. Current log-likelihood: -2438805.695
5. Current log-likelihood: -2438805.677
6. Current log-likelihood: -2438805.665
7. Current log-likelihood: -2438805.654
Optimal log-likelihood: -2438805.647
Rate parameters:  A-C: 0.96361  A-G: 4.24602  A-T: 0.98335  C-G: 0.68518  C-T: 4.22627  G-T: 1.00000
Base frequencies:  A: 0.235  C: 0.265  G: 0.261  T: 0.239
Parameters optimization took 7 rounds (32.415 sec)
BEST SCORE FOUND : -2438805.647
Total tree length: 5.185

Total number of iterations: 331
CPU time used for tree search: 15797.387 sec (4h:23m:17s)
Wall-clock time used for tree search: 8345.745 sec (2h:19m:5s)
Total CPU time used: 16026.291 sec (4h:27m:6s)
Total wall-clock time used: 8500.239 sec (2h:21m:40s)

===> START BOOTSTRAP REPLICATE NUMBER 2

Creating bootstrap alignment (seed: 494656)...

Create initial parsimony tree by phylogenetic likelihood library (PLL)... 2.835 seconds
Ascertainment bias correction: 4 unobservable constant patterns

NOTE: 229 MB RAM (0 GB) is required!
Estimate model parameters (epsilon = 0.100)
1. Initial log-likelihood: -2621084.282
2. Current log-likelihood: -2448675.412
3. Current log-likelihood: -2448545.466
Optimal log-likelihood: -2448545.437
Rate parameters:  A-C: 0.95184  A-G: 4.11508  A-T: 0.92097  C-G: 0.66618  C-T: 4.03983  G-T: 1.00000
Base frequencies:  A: 0.235  C: 0.266  G: 0.259  T: 0.240
Parameters optimization took 3 rounds (44.625 sec)
Computing ML distances based on estimated model parameters... 29.906 sec
Computing BIONJ tree...
0.022 seconds
Log-likelihood of BIONJ tree: -2480662.539
--------------------------------------------------------------------
|             INITIALIZING CANDIDATE TREE SET                      |
--------------------------------------------------------------------
Generating 98 parsimony trees... 392.932 second
Computing log-likelihood of 98 initial trees ... 259.716 seconds
Current best score: -2444283.597

Do NNI search on 20 best initial trees
Estimate model parameters (epsilon = 0.100)
BETTER TREE FOUND at iteration 1: -2443666.831
Estimate model parameters (epsilon = 0.100)
BETTER TREE FOUND at iteration 3: -2443061.951
Iteration 10 / LogL: -2443846.170 / Time: 0h:14m:8s
Iteration 20 / LogL: -2445720.060 / Time: 0h:15m:41s
Finish initializing candidate tree set (20)
Current best tree score: -2443061.951 / CPU time: 868.630
Number of iterations: 20
--------------------------------------------------------------------
|               OPTIMIZING CANDIDATE TREE SET                      |
--------------------------------------------------------------------
Iteration 30 / LogL: -2444636.010 / Time: 0h:19m:56s (0h:49m:58s left)
Iteration 40 / LogL: -2443438.039 / Time: 0h:24m:5s (0h:38m:46s left)
Iteration 50 / LogL: -2443222.221 / Time: 0h:28m:2s (0h:30m:14s left)
Estimate model parameters (epsilon = 0.100)
BETTER TREE FOUND at iteration 54: -2442989.238
Estimate model parameters (epsilon = 0.100)
BETTER TREE FOUND at iteration 59: -2442981.391
Iteration 60 / LogL: -2443116.787 / Time: 0h:32m:16s (0h:53m:59s left)
Iteration 70 / LogL: -2443094.047 / Time: 0h:36m:32s (0h:47m:1s left)
Iteration 80 / LogL: -2445214.754 / Time: 0h:40m:31s (0h:40m:26s left)
Iteration 90 / LogL: -2443357.109 / Time: 0h:44m:33s (0h:34m:28s left)
Estimate model parameters (epsilon = 0.100)
BETTER TREE FOUND at iteration 92: -2442961.585
Estimate model parameters (epsilon = 0.100)
BETTER TREE FOUND at iteration 93: -2442951.181
Iteration 100 / LogL: -2449040.065 / Time: 0h:48m:54s (0h:45m:51s left)
Iteration 110 / LogL: -2449269.056 / Time: 0h:52m:38s (0h:40m:1s left)
Estimate model parameters (epsilon = 0.100)
BETTER TREE FOUND at iteration 114: -2442950.849
Iteration 120 / LogL: -2442951.103 / Time: 0h:56m:25s (0h:44m:30s left)
Iteration 130 / LogL: -2449350.044 / Time: 1h:0m:30s (0h:39m:20s left)
Iteration 140 / LogL: -2442968.751 / Time: 1h:4m:13s (0h:34m:8s left)
UPDATE BEST LOG-LIKELIHOOD: -2442950.842

******************************************************
CHECKPOINT: Resuming analysis from A_fumigiatus_Af293.Popgen1.selected.SNP.fasaln.ckp.gz

IQ-TREE multicore version 1.6.1 for Linux 64-bit built Dec 26 2017
Developed by Bui Quang Minh, Nguyen Lam Tung, Olga Chernomor,
Heiko Schmidt, Dominik Schrempf, Michael Woodhams.

Host:    owl (SSSE3, 58 GB RAM)
Command: iqtree-omp -nt 4 -s A_fumigiatus_Af293.Popgen1.selected.SNP.fasaln -b 100 -m GTR+ASC
Seed:    33066 (Using SPRNG - Scalable Parallel Random Number Generator)
Time:    Fri Mar 30 16:41:20 2018
Kernel:  SSE2 - 4 threads (16 CPU cores detected)

WARNING: Command-line argument `4` differs from checkpoint `2`
WARNING: Command-line differs from checkpoint!
Reading alignment file A_fumigiatus_Af293.Popgen1.selected.SNP.fasaln ... Fasta format detected
Alignment most likely contains DNA/RNA sequences
Alignment has 124 sequences with 105772 columns, 87533 distinct patterns
97697 parsimony-informative, 8075 singleton sites, 0 constant sites
              Gap/Ambiguity  Composition  p-value
   1  SAMN01815905    5.32%    failed      0.00%
   2  SAMN01815907    3.43%    failed      2.83%
   3  AF100-4-B      14.64%    passed     92.43%
   4  SAMD00013549    7.17%    passed      8.63%
   5  AF100-9-A      19.58%    passed     94.75%
   6  SAMN00717313    3.25%    failed      0.02%
   7  SAMN00717305    3.18%    failed      0.02%
   8  SAMN00717318    3.84%    failed      0.00%
   9  SAMD00013557    4.37%    passed     39.40%
  10  SAMD00019249    2.17%    passed     87.08%
  11  SAMEA3267234    4.75%    failed      0.00%
  12  SAMN01815894    3.82%    passed      5.09%
  13  SAMN00717306    3.20%    failed      0.01%
  14  Obar-4          7.43%    failed      0.12%
  15  SAMEA3267222    2.27%    failed      0.01%
  16  AF100-5-A      13.01%    passed     78.22%
  17  SAMD00019244    3.61%    passed     12.19%
  18  AF100-9-C      16.49%    passed     90.18%
  19  SAMN00717307    3.31%    failed      0.06%
  20  SAMEA3267227    3.47%    failed      0.00%
  21  SAMN00254055    4.50%    failed      0.00%
  22  SAMN01815891    4.47%    failed      0.04%
  23  SAMD00013550    8.90%    passed     25.90%
  24  SAMN01815897    5.25%    failed      0.00%
  25  SAMEA3267239    6.18%    failed      0.66%
  26  SAMD00019248    1.84%    passed     92.25%
  27  SAMN00717303    6.60%    failed      0.02%
  28  SAMN01815887    4.34%    passed     29.87%
  29  SAMN00254058    7.04%    failed      4.32%
  30  SAMN01815888    4.59%    failed      0.07%
  31  SAMN00717314    3.43%    failed      0.06%
  32  AF100-7-B      16.68%    passed     33.62%
  33  SAMN00717299    6.69%    failed      0.02%
  34  SAMD00013555    8.15%    failed      0.53%
  35  SAMEA3267237    6.30%    failed      1.75%
  36  AF100-5-C      14.73%    passed     90.94%
  37  SAMEA1709823    7.88%    passed     56.20%
  38  SAMD00013551    3.21%    passed     98.86%
  39  SAMD00013543    7.17%    passed      5.14%
  40  SAMEA3267235    6.15%    failed      3.65%
  41  AF100-8-B      20.27%    passed     14.62%
  42  SAMN01815896    3.81%    failed      0.00%
  43  SAMN00717301    7.45%    failed      0.02%
  44  SAMN01815898    3.85%    failed      0.00%
  45  SAMEA3267241    6.12%    failed      0.81%
  46  SAMN01815899    6.82%    failed      0.00%
  47  AF100-7-C      22.08%    failed      0.48%
  48  SAMN00717316    5.81%    failed      0.75%
  49  SAMN00115744    3.90%    failed      1.73%
  50  SAMEA3267243    6.19%    failed      1.05%
  51  SAMD00019246    6.98%    passed     75.56%
  52  SAMEA3267229    3.41%    failed      0.00%
  53  SAMN01815885    6.40%    failed      0.00%
  54  SAMN01815889    6.41%    failed      0.00%
  55  AF100-6-D      12.19%    passed     17.26%
  56  REF             0.00%    failed      0.00%
  57  SAMN01815895    4.31%    failed      0.03%
  58  SAMEA3267231    5.09%    failed      0.00%
  59  Obar-AF293      9.94%    failed      3.44%
  60  SAMEA3267240    6.15%    failed      0.71%
  61  SAMN01815904    5.18%    failed      0.00%
  62  SAMN01815910    6.74%    failed      0.00%
  63  SAMN00717304    6.18%    failed      0.05%
  64  SAMD00013552    6.71%    failed      0.25%
  65  SAMD00013545    7.85%    failed      3.67%
  66  Obar-12        10.35%    passed      6.82%
  67  SAMD00013548   10.39%    passed     40.08%
  68  SAMD00013547    5.67%    passed     75.58%
  69  SAMN00115745    5.50%    failed      0.00%
  70  SAMN00717298    6.73%    failed      0.03%
  71  AF100-2-B      12.58%    passed      9.36%
  72  AF100-4-A      15.09%    passed     79.27%
  73  SAMD00013553    7.06%    passed     13.74%
  74  AF100-3-A      16.23%    passed     81.30%
  75  SAMD00019247    1.90%    passed     88.36%
  76  Obar-11         9.55%    failed      0.78%
  77  SAMD00019245   10.85%    passed      9.47%
  78  AF100-2-C      12.19%    passed     35.50%
  79  SAMN01815893    4.41%    failed      0.05%
  80  AF100-3-C      16.58%    passed     54.19%
  81  AF100-6-A      12.68%    passed     72.41%
  82  AF100-7-A      29.74%    failed      0.03%
  83  SAMN01815909    3.92%    passed     26.92%
  84  SAMD00013556   18.74%    passed     76.77%
  85  SAMEA3267223    7.11%    failed      3.27%
  86  SAMEA3267221    1.91%    failed      0.31%
  87  AF100-6-B      15.31%    passed     68.12%
  88  AF100-2-A      12.28%    passed     50.76%
  89  AF100-3-B      14.03%    passed     91.33%
  90  SAMEA1709821    9.44%    passed     57.66%
  91  SAMEA3267225    6.60%    passed      8.39%
  92  SAMN01815908    2.48%    failed      0.02%
  93  SAMN01815892    2.85%    failed      0.00%
  94  SAMEA3267236    6.06%    failed      0.43%
  95  SAMEA3267230    5.69%    failed      0.00%
  96  SAMD00013559   11.90%    passed     78.61%
  97  AF100-8-A      15.80%    passed     89.20%
  98  SAMD00019243    3.75%    passed     18.41%
  99  SAMEA3267220    4.73%    failed      0.30%
 100  SAMD00019242    4.00%    passed     12.55%
 101  SAMD00013554    3.40%    passed     56.58%
 102  SAMD00013544    7.17%    passed      8.63%
 103  AF100-5-B      13.14%    passed     89.54%
 104  AF100-4-C      13.04%    passed     96.46%
 105  SAMN01815903    6.60%    failed      0.08%
 106  SAMN00717317    5.82%    failed      0.52%
 107  SAMN00717302    6.63%    failed      0.04%
 108  SAMD00013558    7.28%    failed      0.67%
 109  SAMEA3267224    2.21%    passed     74.13%
 110  SAMN01815886    6.41%    failed      0.00%
 111  SAMEA3267226    0.04%    failed      0.00%
 112  SAMN00254057    4.94%    failed      2.24%
 113  SAMN01815906    3.86%    failed      0.00%
 114  SAMD00013546    4.37%    passed     39.40%
 115  SAMN00717300    6.70%    failed      0.02%
 116  AF100-8-C      16.03%    passed     98.06%
 117  SAMN00254056    5.73%    failed      0.34%
 118  SAMEA3267242    6.19%    failed      1.28%
 119  SAMEA3267233    2.99%    failed      0.00%
 120  AF100-9-B      14.86%    passed     97.12%
 121  SAMEA3267238    2.41%    failed      0.00%
 122  SAMEA3267228    6.51%    failed      0.08%
 123  SAMEA3267232    3.03%    passed     15.77%
 124  SAMN01815890    3.92%    failed      0.00%
****  TOTAL           7.50%  72 sequences failed composition chi2 test (p-value<5%; df=3)
NOTE: minimal branch length is reduced to 0.000000945430 for long alignment
CHECKPOINT: 1 bootstrap analyses restored

===> START BOOTSTRAP REPLICATE NUMBER 2

Creating bootstrap alignment (seed: 33067)...

CHECKPOINT: Initial tree restored
Ascertainment bias correction: 4 unobservable constant patterns

NOTE: 228 MB RAM (0 GB) is required!
CHECKPOINT: Model parameters restored, LogL: -2432049.047
--------------------------------------------------------------------
|             INITIALIZING CANDIDATE TREE SET                      |
--------------------------------------------------------------------
CHECKPOINT: Candidate tree set restored, best LogL: -2432049.047
Finish initializing candidate tree set (20)
Current best tree score: -2432049.047 / CPU time: 0.000
Number of iterations: 147
--------------------------------------------------------------------
|               OPTIMIZING CANDIDATE TREE SET                      |
--------------------------------------------------------------------

******************************************************
CHECKPOINT: Resuming analysis from A_fumigiatus_Af293.Popgen1.selected.SNP.fasaln.ckp.gz

IQ-TREE multicore version 1.6.1 for Linux 64-bit built Dec 26 2017
Developed by Bui Quang Minh, Nguyen Lam Tung, Olga Chernomor,
Heiko Schmidt, Dominik Schrempf, Michael Woodhams.

Host:    c39 (AVX, FMA3, 503 GB RAM)
Command: iqtree-omp -nt AUTO -s A_fumigiatus_Af293.Popgen1.selected.SNP.fasaln -b 100 -m GTR+ASC
Seed:    384703 (Using SPRNG - Scalable Parallel Random Number Generator)
Time:    Fri Mar 30 16:42:57 2018
Kernel:  AVX+FMA - auto-detect threads (64 CPU cores detected)

WARNING: Command-line argument `AUTO` differs from checkpoint `2`
WARNING: Command-line differs from checkpoint!
Reading alignment file A_fumigiatus_Af293.Popgen1.selected.SNP.fasaln ... Fasta format detected
Alignment most likely contains DNA/RNA sequences
Alignment has 124 sequences with 105772 columns, 87533 distinct patterns
97697 parsimony-informative, 8075 singleton sites, 0 constant sites
              Gap/Ambiguity  Composition  p-value
   1  SAMN01815905    5.32%    failed      0.00%
   2  SAMN01815907    3.43%    failed      2.83%
   3  AF100-4-B      14.64%    passed     92.43%
   4  SAMD00013549    7.17%    passed      8.63%
   5  AF100-9-A      19.58%    passed     94.75%
   6  SAMN00717313    3.25%    failed      0.02%
   7  SAMN00717305    3.18%    failed      0.02%
   8  SAMN00717318    3.84%    failed      0.00%
   9  SAMD00013557    4.37%    passed     39.40%
  10  SAMD00019249    2.17%    passed     87.08%
  11  SAMEA3267234    4.75%    failed      0.00%
  12  SAMN01815894    3.82%    passed      5.09%
  13  SAMN00717306    3.20%    failed      0.01%
  14  Obar-4          7.43%    failed      0.12%
  15  SAMEA3267222    2.27%    failed      0.01%
  16  AF100-5-A      13.01%    passed     78.22%
  17  SAMD00019244    3.61%    passed     12.19%
  18  AF100-9-C      16.49%    passed     90.18%
  19  SAMN00717307    3.31%    failed      0.06%
  20  SAMEA3267227    3.47%    failed      0.00%
  21  SAMN00254055    4.50%    failed      0.00%
  22  SAMN01815891    4.47%    failed      0.04%
  23  SAMD00013550    8.90%    passed     25.90%
  24  SAMN01815897    5.25%    failed      0.00%
  25  SAMEA3267239    6.18%    failed      0.66%
  26  SAMD00019248    1.84%    passed     92.25%
  27  SAMN00717303    6.60%    failed      0.02%
  28  SAMN01815887    4.34%    passed     29.87%
  29  SAMN00254058    7.04%    failed      4.32%
  30  SAMN01815888    4.59%    failed      0.07%
  31  SAMN00717314    3.43%    failed      0.06%
  32  AF100-7-B      16.68%    passed     33.62%
  33  SAMN00717299    6.69%    failed      0.02%
  34  SAMD00013555    8.15%    failed      0.53%
  35  SAMEA3267237    6.30%    failed      1.75%
  36  AF100-5-C      14.73%    passed     90.94%
  37  SAMEA1709823    7.88%    passed     56.20%
  38  SAMD00013551    3.21%    passed     98.86%
  39  SAMD00013543    7.17%    passed      5.14%
  40  SAMEA3267235    6.15%    failed      3.65%
  41  AF100-8-B      20.27%    passed     14.62%
  42  SAMN01815896    3.81%    failed      0.00%
  43  SAMN00717301    7.45%    failed      0.02%
  44  SAMN01815898    3.85%    failed      0.00%
  45  SAMEA3267241    6.12%    failed      0.81%
  46  SAMN01815899    6.82%    failed      0.00%
  47  AF100-7-C      22.08%    failed      0.48%
  48  SAMN00717316    5.81%    failed      0.75%
  49  SAMN00115744    3.90%    failed      1.73%
  50  SAMEA3267243    6.19%    failed      1.05%
  51  SAMD00019246    6.98%    passed     75.56%
  52  SAMEA3267229    3.41%    failed      0.00%
  53  SAMN01815885    6.40%    failed      0.00%
  54  SAMN01815889    6.41%    failed      0.00%
  55  AF100-6-D      12.19%    passed     17.26%
  56  REF             0.00%    failed      0.00%
  57  SAMN01815895    4.31%    failed      0.03%
  58  SAMEA3267231    5.09%    failed      0.00%
  59  Obar-AF293      9.94%    failed      3.44%
  60  SAMEA3267240    6.15%    failed      0.71%
  61  SAMN01815904    5.18%    failed      0.00%
  62  SAMN01815910    6.74%    failed      0.00%
  63  SAMN00717304    6.18%    failed      0.05%
  64  SAMD00013552    6.71%    failed      0.25%
  65  SAMD00013545    7.85%    failed      3.67%
  66  Obar-12        10.35%    passed      6.82%
  67  SAMD00013548   10.39%    passed     40.08%
  68  SAMD00013547    5.67%    passed     75.58%
  69  SAMN00115745    5.50%    failed      0.00%
  70  SAMN00717298    6.73%    failed      0.03%
  71  AF100-2-B      12.58%    passed      9.36%
  72  AF100-4-A      15.09%    passed     79.27%
  73  SAMD00013553    7.06%    passed     13.74%
  74  AF100-3-A      16.23%    passed     81.30%
  75  SAMD00019247    1.90%    passed     88.36%
  76  Obar-11         9.55%    failed      0.78%
  77  SAMD00019245   10.85%    passed      9.47%
  78  AF100-2-C      12.19%    passed     35.50%
  79  SAMN01815893    4.41%    failed      0.05%
  80  AF100-3-C      16.58%    passed     54.19%
  81  AF100-6-A      12.68%    passed     72.41%
  82  AF100-7-A      29.74%    failed      0.03%
  83  SAMN01815909    3.92%    passed     26.92%
  84  SAMD00013556   18.74%    passed     76.77%
  85  SAMEA3267223    7.11%    failed      3.27%
  86  SAMEA3267221    1.91%    failed      0.31%
  87  AF100-6-B      15.31%    passed     68.12%
  88  AF100-2-A      12.28%    passed     50.76%
  89  AF100-3-B      14.03%    passed     91.33%
  90  SAMEA1709821    9.44%    passed     57.66%
  91  SAMEA3267225    6.60%    passed      8.39%
  92  SAMN01815908    2.48%    failed      0.02%
  93  SAMN01815892    2.85%    failed      0.00%
  94  SAMEA3267236    6.06%    failed      0.43%
  95  SAMEA3267230    5.69%    failed      0.00%
  96  SAMD00013559   11.90%    passed     78.61%
  97  AF100-8-A      15.80%    passed     89.20%
  98  SAMD00019243    3.75%    passed     18.41%
  99  SAMEA3267220    4.73%    failed      0.30%
 100  SAMD00019242    4.00%    passed     12.55%
 101  SAMD00013554    3.40%    passed     56.58%
 102  SAMD00013544    7.17%    passed      8.63%
 103  AF100-5-B      13.14%    passed     89.54%
 104  AF100-4-C      13.04%    passed     96.46%
 105  SAMN01815903    6.60%    failed      0.08%
 106  SAMN00717317    5.82%    failed      0.52%
 107  SAMN00717302    6.63%    failed      0.04%
 108  SAMD00013558    7.28%    failed      0.67%
 109  SAMEA3267224    2.21%    passed     74.13%
 110  SAMN01815886    6.41%    failed      0.00%
 111  SAMEA3267226    0.04%    failed      0.00%
 112  SAMN00254057    4.94%    failed      2.24%
 113  SAMN01815906    3.86%    failed      0.00%
 114  SAMD00013546    4.37%    passed     39.40%
 115  SAMN00717300    6.70%    failed      0.02%
 116  AF100-8-C      16.03%    passed     98.06%
 117  SAMN00254056    5.73%    failed      0.34%
 118  SAMEA3267242    6.19%    failed      1.28%
 119  SAMEA3267233    2.99%    failed      0.00%
 120  AF100-9-B      14.86%    passed     97.12%
 121  SAMEA3267238    2.41%    failed      0.00%
 122  SAMEA3267228    6.51%    failed      0.08%
 123  SAMEA3267232    3.03%    passed     15.77%
 124  SAMN01815890    3.92%    failed      0.00%
****  TOTAL           7.50%  72 sequences failed composition chi2 test (p-value<5%; df=3)
NOTE: minimal branch length is reduced to 0.000000945430 for long alignment
CHECKPOINT: 1 bootstrap analyses restored

===> START BOOTSTRAP REPLICATE NUMBER 2

Creating bootstrap alignment (seed: 384704)...

CHECKPOINT: Initial tree restored
Ascertainment bias correction: 4 unobservable constant patterns

NOTE: 228 MB RAM (0 GB) is required!
Measuring multi-threading efficiency up to 64 CPU cores
Increase to 10 rounds for branch lengths
4 trees examined
Threads: 1 / Time: 67.326 sec / Speedup: 1.000 / Efficiency: 100% / LogL: -7366526
Threads: 2 / Time: 43.097 sec / Speedup: 1.562 / Efficiency: 78% / LogL: -7366526
Threads: 3 / Time: 34.033 sec / Speedup: 1.978 / Efficiency: 66% / LogL: -7366526
Threads: 4 / Time: 33.227 sec / Speedup: 2.026 / Efficiency: 51% / LogL: -7366526
Threads: 5 / Time: 33.696 sec / Speedup: 1.998 / Efficiency: 40% / LogL: -7366526
BEST NUMBER OF THREADS: 3

CHECKPOINT: Model parameters restored, LogL: -2435722.577
--------------------------------------------------------------------
|             INITIALIZING CANDIDATE TREE SET                      |
--------------------------------------------------------------------
CHECKPOINT: Candidate tree set restored, best LogL: -2435722.577
Finish initializing candidate tree set (20)
Current best tree score: -2435722.577 / CPU time: 0.000
Number of iterations: 147
--------------------------------------------------------------------
|               OPTIMIZING CANDIDATE TREE SET                      |
--------------------------------------------------------------------
Iteration 150 / LogL: -2436535.610 / Time: 0h:4m:42s (0h:2m:0s left)
Estimate model parameters (epsilon = 0.100)
BETTER TREE FOUND at iteration 151: -2435648.028
Estimate model parameters (epsilon = 0.100)
BETTER TREE FOUND at iteration 156: -2435579.092
Estimate model parameters (epsilon = 0.100)
BETTER TREE FOUND at iteration 160: -2435549.622
Iteration 160 / LogL: -2435549.622 / Time: 0h:8m:54s (0h:5m:35s left)
Estimate model parameters (epsilon = 0.100)
BETTER TREE FOUND at iteration 162: -2435493.172
Iteration 170 / LogL: -2437560.590 / Time: 0h:12m:37s (0h:6m:51s left)
Estimate model parameters (epsilon = 0.100)
BETTER TREE FOUND at iteration 175: -2434835.213
Iteration 180 / LogL: -2435561.287 / Time: 0h:16m:28s (0h:8m:43s left)
Estimate model parameters (epsilon = 0.100)
BETTER TREE FOUND at iteration 185: -2434349.693
Estimate model parameters (epsilon = 0.100)
BETTER TREE FOUND at iteration 187: -2433736.467
Estimate model parameters (epsilon = 0.100)
BETTER TREE FOUND at iteration 188: -2433699.695
Iteration 190 / LogL: -2434442.440 / Time: 0h:20m:24s (0h:10m:33s left)
Estimate model parameters (epsilon = 0.100)
BETTER TREE FOUND at iteration 192: -2433696.437
Estimate model parameters (epsilon = 0.100)
BETTER TREE FOUND at iteration 198: -2433631.585
Iteration 200 / LogL: -2434360.111 / Time: 0h:24m:23s (0h:11m:59s left)
Estimate model parameters (epsilon = 0.100)
BETTER TREE FOUND at iteration 208: -2433583.235
Iteration 210 / LogL: -2433655.375 / Time: 0h:27m:58s (0h:13m:5s left)
Estimate model parameters (epsilon = 0.100)
BETTER TREE FOUND at iteration 216: -2433559.509
Estimate model parameters (epsilon = 0.100)
BETTER TREE FOUND at iteration 218: -2433539.908
Iteration 220 / LogL: -2433566.431 / Time: 0h:31m:49s (0h:14m:13s left)
Iteration 230 / LogL: -2433553.621 / Time: 0h:35m:24s (0h:13m:35s left)
Estimate model parameters (epsilon = 0.100)
BETTER TREE FOUND at iteration 231: -2433435.519
Iteration 240 / LogL: -2434661.587 / Time: 0h:38m:53s (0h:14m:47s left)
Estimate model parameters (epsilon = 0.100)
BETTER TREE FOUND at iteration 242: -2433406.488
Iteration 250 / LogL: -2441542.440 / Time: 0h:42m:44s (0h:15m:46s left)
Iteration 260 / LogL: -2433504.564 / Time: 0h:46m:4s (0h:14m:34s left)
Estimate model parameters (epsilon = 0.100)
BETTER TREE FOUND at iteration 265: -2433405.623
Iteration 270 / LogL: -2433425.020 / Time: 0h:49m:52s (0h:17m:35s left)
Iteration 280 / LogL: -2433572.715 / Time: 0h:53m:20s (0h:16m:14s left)
Estimate model parameters (epsilon = 0.100)
BETTER TREE FOUND at iteration 286: -2433367.253
Iteration 290 / LogL: -2435447.438 / Time: 0h:57m:2s (0h:18m:56s left)
Iteration 300 / LogL: -2440432.207 / Time: 1h:0m:29s (0h:17m:23s left)
Estimate model parameters (epsilon = 0.100)
BETTER TREE FOUND at iteration 301: -2433364.329
Iteration 310 / LogL: -2440426.846 / Time: 1h:4m:4s (0h:18m:51s left)
Iteration 320 / LogL: -2434370.140 / Time: 1h:7m:33s (0h:17m:8s left)
Iteration 330 / LogL: -2439512.079 / Time: 1h:10m:57s (0h:15m:18s left)
Iteration 340 / LogL: -2434314.586 / Time: 1h:14m:38s (0h:13m:25s left)
Estimate model parameters (epsilon = 0.100)
BETTER TREE FOUND at iteration 349: -2433357.801
Iteration 350 / LogL: -2433789.000 / Time: 1h:18m:18s (0h:22m:12s left)
Iteration 360 / LogL: -2433370.055 / Time: 1h:21m:37s (0h:20m:13s left)
Estimate model parameters (epsilon = 0.100)
BETTER TREE FOUND at iteration 370: -2433356.439
Iteration 370 / LogL: -2433356.439 / Time: 1h:25m:10s (0h:23m:4s left)
Iteration 380 / LogL: -2436847.253 / Time: 1h:28m:32s (0h:21m:1s left)
Iteration 390 / LogL: -2433403.579 / Time: 1h:31m:54s (0h:18m:53s left)
Iteration 400 / LogL: -2433395.457 / Time: 1h:35m:29s (0h:16m:44s left)
Iteration 410 / LogL: -2434693.861 / Time: 1h:39m:3s (0h:14m:31s left)
Iteration 420 / LogL: -2437852.335 / Time: 1h:42m:43s (0h:12m:15s left)
Iteration 430 / LogL: -2433411.681 / Time: 1h:45m:51s (0h:9m:52s left)
Iteration 440 / LogL: -2435096.593 / Time: 1h:49m:44s (0h:7m:29s left)
Iteration 450 / LogL: -2443909.949 / Time: 1h:53m:19s (0h:5m:2s left)
Iteration 460 / LogL: -2433389.253 / Time: 1h:56m:51s (0h:2m:32s left)
Iteration 470 / LogL: -2433410.267 / Time: 2h:0m:13s (0h:0m:0s left)
TREE SEARCH COMPLETED AFTER 471 ITERATIONS / Time: 2h:0m:34s

--------------------------------------------------------------------
|                    FINALIZING TREE SEARCH                        |
--------------------------------------------------------------------
Performs final model parameters optimization
Estimate model parameters (epsilon = 0.010)
1. Initial log-likelihood: -2433356.439
Optimal log-likelihood: -2433356.438
Rate parameters:  A-C: 0.99558  A-G: 4.29592  A-T: 0.97012  C-G: 0.67790  C-T: 4.23216  G-T: 1.00000
Base frequencies:  A: 0.234  C: 0.264  G: 0.262  T: 0.240
Parameters optimization took 1 rounds (4.530 sec)
BEST SCORE FOUND : -2433356.438
Total tree length: 5.174

Total number of iterations: 471
CPU time used for tree search: 20911.184 sec (5h:48m:31s)
Wall-clock time used for tree search: 7020.267 sec (1h:57m:0s)
Total CPU time used: 21393.314 sec (5h:56m:33s)
Total wall-clock time used: 7238.817 sec (2h:0m:38s)

===> START BOOTSTRAP REPLICATE NUMBER 3

Creating bootstrap alignment (seed: 384705)...

Create initial parsimony tree by phylogenetic likelihood library (PLL)... 3.680 seconds
Ascertainment bias correction: 4 unobservable constant patterns

NOTE: 228 MB RAM (0 GB) is required!
Estimate model parameters (epsilon = 0.100)
1. Initial log-likelihood: -2619520.924
2. Current log-likelihood: -2448115.884
3. Current log-likelihood: -2447971.665
Optimal log-likelihood: -2447971.620
Rate parameters:  A-C: 0.93254  A-G: 4.07539  A-T: 0.93249  C-G: 0.66728  C-T: 4.02171  G-T: 1.00000
Base frequencies:  A: 0.237  C: 0.264  G: 0.260  T: 0.239
Parameters optimization took 3 rounds (29.837 sec)
Computing ML distances based on estimated model parameters... 47.608 sec
Computing BIONJ tree...
0.024 seconds
Log-likelihood of BIONJ tree: -2488502.715
--------------------------------------------------------------------
|             INITIALIZING CANDIDATE TREE SET                      |
--------------------------------------------------------------------
Generating 98 parsimony trees... 361.808 second
Computing log-likelihood of 98 initial trees ... 206.954 seconds
Current best score: -2447579.042

Do NNI search on 20 best initial trees
Estimate model parameters (epsilon = 0.100)
BETTER TREE FOUND at iteration 1: -2446894.661
Estimate model parameters (epsilon = 0.100)
BETTER TREE FOUND at iteration 2: -2446558.226
Iteration 10 / LogL: -2447918.518 / Time: 0h:12m:32s
Iteration 20 / LogL: -2448282.567 / Time: 0h:14m:26s
Finish initializing candidate tree set (20)
Current best tree score: -2446558.226 / CPU time: 803.561
Number of iterations: 20
--------------------------------------------------------------------
|               OPTIMIZING CANDIDATE TREE SET                      |
--------------------------------------------------------------------
Estimate model parameters (epsilon = 0.100)
BETTER TREE FOUND at iteration 24: -2446418.339
Estimate model parameters (epsilon = 0.100)
BETTER TREE FOUND at iteration 25: -2446312.297
Iteration 30 / LogL: -2446623.223 / Time: 0h:18m:21s (0h:59m:44s left)
Estimate model parameters (epsilon = 0.100)
BETTER TREE FOUND at iteration 36: -2445825.415
Iteration 40 / LogL: -2446601.515 / Time: 0h:21m:52s (0h:53m:33s left)
Estimate model parameters (epsilon = 0.100)
BETTER TREE FOUND at iteration 45: -2445815.227
Iteration 50 / LogL: -2445852.775 / Time: 0h:25m:28s (0h:49m:9s left)
Iteration 60 / LogL: -2447618.706 / Time: 0h:29m:3s (0h:41m:42s left)
Iteration 70 / LogL: -2446235.042 / Time: 0h:32m:36s (0h:35m:18s left)
Estimate model parameters (epsilon = 0.100)
BETTER TREE FOUND at iteration 75: -2445813.181
Estimate model parameters (epsilon = 0.100)
BETTER TREE FOUND at iteration 77: -2445793.150
Iteration 80 / LogL: -2453489.700 / Time: 0h:36m:29s (0h:44m:39s left)
Estimate model parameters (epsilon = 0.100)
BETTER TREE FOUND at iteration 81: -2445777.651
Estimate model parameters (epsilon = 0.100)
BETTER TREE FOUND at iteration 85: -2445776.526
Estimate model parameters (epsilon = 0.100)
BETTER TREE FOUND at iteration 88: -2445650.631
Iteration 90 / LogL: -2445791.047 / Time: 0h:40m:20s (0h:44m:17s left)
Iteration 100 / LogL: -2445949.512 / Time: 0h:43m:54s (0h:38m:55s left)
Iteration 110 / LogL: -2445768.982 / Time: 0h:47m:45s (0h:34m:5s left)
Iteration 120 / LogL: -2447969.563 / Time: 0h:50m:57s (0h:29m:3s left)
Iteration 130 / LogL: -2445682.479 / Time: 0h:54m:37s (0h:24m:30s left)
Iteration 140 / LogL: -2447319.769 / Time: 0h:58m:22s (0h:20m:7s left)
Iteration 150 / LogL: -2450102.895 / Time: 1h:1m:50s (0h:15m:44s left)
Iteration 160 / LogL: -2453624.575 / Time: 1h:5m:8s (0h:11m:27s left)
Iteration 170 / LogL: -2446680.754 / Time: 1h:8m:52s (0h:7m:19s left)
Iteration 180 / LogL: -2451270.602 / Time: 1h:12m:27s (0h:3m:13s left)
TREE SEARCH COMPLETED AFTER 189 ITERATIONS / Time: 1h:15m:38s

--------------------------------------------------------------------
|                    FINALIZING TREE SEARCH                        |
--------------------------------------------------------------------
Performs final model parameters optimization
Estimate model parameters (epsilon = 0.010)
1. Initial log-likelihood: -2445650.631
2. Current log-likelihood: -2445650.621
Optimal log-likelihood: -2445650.613
Rate parameters:  A-C: 0.93533  A-G: 4.08511  A-T: 0.93486  C-G: 0.66672  C-T: 4.03027  G-T: 1.00000
Base frequencies:  A: 0.237  C: 0.264  G: 0.260  T: 0.239
Parameters optimization took 2 rounds (8.538 sec)
BEST SCORE FOUND : -2445650.613
Total tree length: 5.202

Total number of iterations: 189
CPU time used for tree search: 12691.886 sec (3h:31m:31s)
Wall-clock time used for tree search: 4475.845 sec (1h:14m:35s)
Total CPU time used: 12882.694 sec (3h:34m:42s)
Total wall-clock time used: 4547.078 sec (1h:15m:47s)

===> START BOOTSTRAP REPLICATE NUMBER 4

Creating bootstrap alignment (seed: 384706)...

Create initial parsimony tree by phylogenetic likelihood library (PLL)... 4.238 seconds
Ascertainment bias correction: 4 unobservable constant patterns

NOTE: 228 MB RAM (0 GB) is required!
Estimate model parameters (epsilon = 0.100)
1. Initial log-likelihood: -2616150.138
2. Current log-likelihood: -2443578.866
3. Current log-likelihood: -2443392.179
Optimal log-likelihood: -2443392.160
Rate parameters:  A-C: 0.94565  A-G: 4.09230  A-T: 0.93733  C-G: 0.65191  C-T: 4.00362  G-T: 1.00000
Base frequencies:  A: 0.235  C: 0.264  G: 0.261  T: 0.240
Parameters optimization took 3 rounds (29.579 sec)
Computing ML distances based on estimated model parameters... 48.532 sec
Computing BIONJ tree...
0.020 seconds
Log-likelihood of BIONJ tree: -2479176.086
--------------------------------------------------------------------
|             INITIALIZING CANDIDATE TREE SET                      |
--------------------------------------------------------------------
Generating 98 parsimony trees... 326.264 second
Computing log-likelihood of 98 initial trees ... 185.005 seconds
Current best score: -2435940.938

Do NNI search on 20 best initial trees
Estimate model parameters (epsilon = 0.100)
BETTER TREE FOUND at iteration 1: -2435302.168
Estimate model parameters (epsilon = 0.100)
BETTER TREE FOUND at iteration 4: -2435272.769
Iteration 10 / LogL: -2436002.366 / Time: 0h:11m:0s
Iteration 20 / LogL: -2437607.237 / Time: 0h:12m:12s
Finish initializing candidate tree set (20)
Current best tree score: -2435272.769 / CPU time: 672.860
Number of iterations: 20
--------------------------------------------------------------------
|               OPTIMIZING CANDIDATE TREE SET                      |
--------------------------------------------------------------------
Iteration 30 / LogL: -2435336.908 / Time: 0h:15m:29s (0h:39m:12s left)
Iteration 40 / LogL: -2435462.281 / Time: 0h:18m:33s (0h:30m:15s left)
Iteration 50 / LogL: -2436401.772 / Time: 0h:21m:47s (0h:23m:52s left)
Iteration 60 / LogL: -2435475.314 / Time: 0h:25m:10s (0h:18m:40s left)
Estimate model parameters (epsilon = 0.100)
BETTER TREE FOUND at iteration 61: -2435256.316
Iteration 70 / LogL: -2435592.437 / Time: 0h:28m:23s (0h:37m:16s left)
Estimate model parameters (epsilon = 0.100)
BETTER TREE FOUND at iteration 77: -2435240.602
Iteration 80 / LogL: -2435344.249 / Time: 0h:31m:30s (0h:38m:32s left)
Estimate model parameters (epsilon = 0.100)
BETTER TREE FOUND at iteration 86: -2435021.492
Iteration 90 / LogL: -2437643.823 / Time: 0h:34m:46s (0h:37m:22s left)
Iteration 100 / LogL: -2436470.229 / Time: 0h:37m:58s (0h:32m:52s left)
Iteration 110 / LogL: -2437514.113 / Time: 0h:41m:18s (0h:28m:42s left)
Iteration 120 / LogL: -2435105.189 / Time: 0h:44m:21s (0h:24m:31s left)
Iteration 130 / LogL: -2445337.541 / Time: 0h:47m:19s (0h:20m:29s left)
Iteration 140 / LogL: -2435286.583 / Time: 0h:50m:30s (0h:16m:40s left)
Iteration 150 / LogL: -2435153.166 / Time: 0h:53m:29s (0h:12m:53s left)
Iteration 160 / LogL: -2439073.329 / Time: 0h:56m:40s (0h:9m:14s left)
Iteration 170 / LogL: -2435515.510 / Time: 0h:59m:53s (0h:5m:39s left)
Iteration 180 / LogL: -2435050.583 / Time: 1h:3m:1s (0h:2m:6s left)
TREE SEARCH COMPLETED AFTER 187 ITERATIONS / Time: 1h:5m:10s

--------------------------------------------------------------------
|                    FINALIZING TREE SEARCH                        |
--------------------------------------------------------------------
Performs final model parameters optimization
Estimate model parameters (epsilon = 0.010)
1. Initial log-likelihood: -2435021.492
Optimal log-likelihood: -2435021.492
Rate parameters:  A-C: 0.94693  A-G: 4.09019  A-T: 0.93453  C-G: 0.65117  C-T: 4.00850  G-T: 1.00000
Base frequencies:  A: 0.235  C: 0.264  G: 0.261  T: 0.240
Parameters optimization took 1 rounds (4.753 sec)
BEST SCORE FOUND : -2435021.492
Total tree length: 5.161

Total number of iterations: 187
CPU time used for tree search: 10871.248 sec (3h:1m:11s)
Wall-clock time used for tree search: 3851.051 sec (1h:4m:11s)
Total CPU time used: 11044.554 sec (3h:4m:4s)
Total wall-clock time used: 3915.726 sec (1h:5m:15s)

===> START BOOTSTRAP REPLICATE NUMBER 5

Creating bootstrap alignment (seed: 384707)...

Create initial parsimony tree by phylogenetic likelihood library (PLL)... 3.476 seconds
Ascertainment bias correction: 4 unobservable constant patterns

NOTE: 228 MB RAM (0 GB) is required!
Estimate model parameters (epsilon = 0.100)
1. Initial log-likelihood: -2627788.375
2. Current log-likelihood: -2453827.372
3. Current log-likelihood: -2453658.125
Optimal log-likelihood: -2453658.087
Rate parameters:  A-C: 0.96798  A-G: 4.20464  A-T: 0.97399  C-G: 0.68606  C-T: 4.20058  G-T: 1.00000
Base frequencies:  A: 0.238  C: 0.263  G: 0.261  T: 0.238
Parameters optimization took 3 rounds (27.145 sec)
Computing ML distances based on estimated model parameters... 49.105 sec
Computing BIONJ tree...
0.021 seconds
Log-likelihood of BIONJ tree: -2483622.344
--------------------------------------------------------------------
|             INITIALIZING CANDIDATE TREE SET                      |
--------------------------------------------------------------------
Generating 98 parsimony trees... 328.180 second
Computing log-likelihood of 98 initial trees ... 169.157 seconds
Current best score: -2441072.463

Do NNI search on 20 best initial trees
Estimate model parameters (epsilon = 0.100)
BETTER TREE FOUND at iteration 1: -2440796.562
Estimate model parameters (epsilon = 0.100)
BETTER TREE FOUND at iteration 6: -2440656.643
Estimate model parameters (epsilon = 0.100)
BETTER TREE FOUND at iteration 7: -2440650.953
Iteration 10 / LogL: -2441438.347 / Time: 0h:10m:41s
Iteration 20 / LogL: -2443262.585 / Time: 0h:11m:52s
Finish initializing candidate tree set (20)
Current best tree score: -2440650.953 / CPU time: 658.296
Number of iterations: 20
--------------------------------------------------------------------
|               OPTIMIZING CANDIDATE TREE SET                      |
--------------------------------------------------------------------
Estimate model parameters (epsilon = 0.100)
BETTER TREE FOUND at iteration 24: -2440623.588
Iteration 30 / LogL: -2440635.977 / Time: 0h:14m:59s (0h:48m:15s left)
Iteration 40 / LogL: -2440745.907 / Time: 0h:18m:0s (0h:38m:33s left)
Estimate model parameters (epsilon = 0.100)
BETTER TREE FOUND at iteration 48: -2440620.169
Iteration 50 / LogL: -2440784.701 / Time: 0h:21m:2s (0h:41m:52s left)
Iteration 60 / LogL: -2442733.453 / Time: 0h:24m:14s (0h:36m:1s left)
Estimate model parameters (epsilon = 0.100)
BETTER TREE FOUND at iteration 63: -2440597.484
Iteration 70 / LogL: -2441732.674 / Time: 0h:27m:22s (0h:36m:46s left)
Estimate model parameters (epsilon = 0.100)
BETTER TREE FOUND at iteration 78: -2440523.512
Estimate model parameters (epsilon = 0.100)
BETTER TREE FOUND at iteration 80: -2440499.136
Iteration 80 / LogL: -2440499.136 / Time: 0h:30m:43s (0h:38m:45s left)
Estimate model parameters (epsilon = 0.100)
BETTER TREE FOUND at iteration 87: -2440490.038
Estimate model parameters (epsilon = 0.100)
BETTER TREE FOUND at iteration 88: -2440461.904
Iteration 90 / LogL: -2447393.516 / Time: 0h:34m:0s (0h:37m:20s left)
Iteration 100 / LogL: -2444716.587 / Time: 0h:36m:50s (0h:32m:39s left)
Iteration 110 / LogL: -2440924.223 / Time: 0h:39m:43s (0h:28m:21s left)
Iteration 120 / LogL: -2441487.726 / Time: 0h:42m:39s (0h:24m:19s left)
Iteration 130 / LogL: -2440491.557 / Time: 0h:45m:47s (0h:20m:32s left)
Iteration 140 / LogL: -2441664.780 / Time: 0h:48m:56s (0h:16m:52s left)
Iteration 150 / LogL: -2441183.901 / Time: 0h:52m:5s (0h:13m:15s left)
Iteration 160 / LogL: -2440475.721 / Time: 0h:55m:21s (0h:9m:43s left)
Iteration 170 / LogL: -2443875.897 / Time: 0h:58m:22s (0h:6m:12s left)
Iteration 180 / LogL: -2440982.527 / Time: 1h:1m:27s (0h:2m:44s left)
TREE SEARCH COMPLETED AFTER 189 ITERATIONS / Time: 1h:4m:25s

--------------------------------------------------------------------
|                    FINALIZING TREE SEARCH                        |
--------------------------------------------------------------------
Performs final model parameters optimization
Estimate model parameters (epsilon = 0.010)
1. Initial log-likelihood: -2440461.904
2. Current log-likelihood: -2440461.884
3. Current log-likelihood: -2440461.831
4. Current log-likelihood: -2440461.805
5. Current log-likelihood: -2440461.773
6. Current log-likelihood: -2440461.752
7. Current log-likelihood: -2440461.726
8. Current log-likelihood: -2440461.707
9. Current log-likelihood: -2440461.687
10. Current log-likelihood: -2440461.673
11. Current log-likelihood: -2440461.656
12. Current log-likelihood: -2440461.644
13. Current log-likelihood: -2440461.631
Optimal log-likelihood: -2440461.621
Rate parameters:  A-C: 0.97430  A-G: 4.22418  A-T: 0.98143  C-G: 0.68818  C-T: 4.22189  G-T: 1.00000
Base frequencies:  A: 0.238  C: 0.263  G: 0.261  T: 0.238
Parameters optimization took 13 rounds (41.741 sec)
BEST SCORE FOUND : -2440461.621
Total tree length: 5.186

Total number of iterations: 189
CPU time used for tree search: 10779.247 sec (2h:59m:39s)
Wall-clock time used for tree search: 3811.501 sec (1h:3m:31s)
Total CPU time used: 11054.585 sec (3h:4m:14s)
Total wall-clock time used: 3907.437 sec (1h:5m:7s)

===> START BOOTSTRAP REPLICATE NUMBER 6

Creating bootstrap alignment (seed: 384708)...

Create initial parsimony tree by phylogenetic likelihood library (PLL)... 3.576 seconds
Ascertainment bias correction: 4 unobservable constant patterns

NOTE: 228 MB RAM (0 GB) is required!
Estimate model parameters (epsilon = 0.100)
1. Initial log-likelihood: -2621390.871
2. Current log-likelihood: -2452619.286
3. Current log-likelihood: -2452458.284
Optimal log-likelihood: -2452458.206
Rate parameters:  A-C: 0.96212  A-G: 4.22086  A-T: 0.98204  C-G: 0.68540  C-T: 4.10426  G-T: 1.00000
Base frequencies:  A: 0.236  C: 0.265  G: 0.261  T: 0.238
Parameters optimization took 3 rounds (30.738 sec)
Computing ML distances based on estimated model parameters... 50.121 sec
Computing BIONJ tree...
0.020 seconds
Log-likelihood of BIONJ tree: -2485601.907
--------------------------------------------------------------------
|             INITIALIZING CANDIDATE TREE SET                      |
--------------------------------------------------------------------
Generating 98 parsimony trees... 335.988 second
Computing log-likelihood of 98 initial trees ... 201.545 seconds
Current best score: -2442057.096

Do NNI search on 20 best initial trees
Estimate model parameters (epsilon = 0.100)
BETTER TREE FOUND at iteration 1: -2440614.623
Iteration 10 / LogL: -2442078.853 / Time: 0h:11m:36s
Iteration 20 / LogL: -2443523.463 / Time: 0h:12m:53s
Finish initializing candidate tree set (20)
Current best tree score: -2440614.623 / CPU time: 713.556
Number of iterations: 20
--------------------------------------------------------------------
|               OPTIMIZING CANDIDATE TREE SET                      |
--------------------------------------------------------------------
Estimate model parameters (epsilon = 0.100)
BETTER TREE FOUND at iteration 26: -2440567.386
Estimate model parameters (epsilon = 0.100)
BETTER TREE FOUND at iteration 28: -2440566.613
Iteration 30 / LogL: -2442120.765 / Time: 0h:16m:0s (0h:53m:46s left)
Estimate model parameters (epsilon = 0.100)
BETTER TREE FOUND at iteration 35: -2440517.050
Iteration 40 / LogL: -2441304.419 / Time: 0h:19m:3s (0h:46m:11s left)
Iteration 50 / LogL: -2440752.981 / Time: 0h:21m:55s (0h:37m:51s left)
Iteration 60 / LogL: -2440618.165 / Time: 0h:24m:52s (0h:31m:30s left)
Iteration 70 / LogL: -2440824.308 / Time: 0h:27m:46s (0h:26m:4s left)
Estimate model parameters (epsilon = 0.100)
BETTER TREE FOUND at iteration 77: -2440492.051
Estimate model parameters (epsilon = 0.100)
BETTER TREE FOUND at iteration 78: -2440468.279
Iteration 80 / LogL: -2441132.618 / Time: 0h:30m:51s (0h:38m:9s left)
Iteration 90 / LogL: -2441238.304 / Time: 0h:33m:53s (0h:33m:24s left)
Estimate model parameters (epsilon = 0.100)
BETTER TREE FOUND at iteration 92: -2440450.589
Estimate model parameters (epsilon = 0.100)
BETTER TREE FOUND at iteration 93: -2440448.174
Estimate model parameters (epsilon = 0.100)
BETTER TREE FOUND at iteration 94: -2440417.284
Iteration 100 / LogL: -2440676.362 / Time: 0h:37m:23s (0h:35m:24s left)
Iteration 110 / LogL: -2442106.077 / Time: 0h:40m:27s (0h:31m:5s left)
Estimate model parameters (epsilon = 0.100)
BETTER TREE FOUND at iteration 118: -2440403.652
Iteration 120 / LogL: -2440450.891 / Time: 0h:43m:20s (0h:35m:36s left)
Estimate model parameters (epsilon = 0.100)
BETTER TREE FOUND at iteration 126: -2440389.985
Iteration 130 / LogL: -2442195.482 / Time: 0h:46m:22s (0h:34m:26s left)
Iteration 140 / LogL: -2440400.896 / Time: 0h:49m:19s (0h:30m:27s left)
Iteration 150 / LogL: -2440434.609 / Time: 0h:52m:17s (0h:26m:37s left)
Iteration 160 / LogL: -2440712.217 / Time: 0h:55m:19s (0h:22m:55s left)
Iteration 170 / LogL: -2440725.086 / Time: 0h:58m:14s (0h:19m:15s left)
Iteration 180 / LogL: -2440876.038 / Time: 1h:1m:16s (0h:15m:43s left)
Iteration 190 / LogL: -2441843.366 / Time: 1h:4m:5s (0h:12m:11s left)
Iteration 200 / LogL: -2461132.792 / Time: 1h:6m:53s (0h:8m:43s left)
Estimate model parameters (epsilon = 0.100)
UPDATE BEST LOG-LIKELIHOOD: -2440387.092
Iteration 210 / LogL: -2440474.324 / Time: 1h:10m:5s (0h:5m:21s left)
Iteration 220 / LogL: -2442166.833 / Time: 1h:13m:8s (0h:2m:0s left)
TREE SEARCH COMPLETED AFTER 227 ITERATIONS / Time: 1h:15m:8s

--------------------------------------------------------------------
|                    FINALIZING TREE SEARCH                        |
--------------------------------------------------------------------
Performs final model parameters optimization
Estimate model parameters (epsilon = 0.010)
1. Initial log-likelihood: -2440387.092
Optimal log-likelihood: -2440387.083
Rate parameters:  A-C: 0.96449  A-G: 4.24951  A-T: 0.99002  C-G: 0.68971  C-T: 4.14068  G-T: 1.00000
Base frequencies:  A: 0.236  C: 0.265  G: 0.261  T: 0.238
Parameters optimization took 1 rounds (3.979 sec)
BEST SCORE FOUND : -2440387.083
Total tree length: 5.170

Total number of iterations: 227
CPU time used for tree search: 12621.526 sec (3h:30m:21s)
Wall-clock time used for tree search: 4448.484 sec (1h:14m:8s)
Total CPU time used: 12798.336 sec (3h:33m:18s)
Total wall-clock time used: 4511.992 sec (1h:15m:11s)

===> START BOOTSTRAP REPLICATE NUMBER 7

Creating bootstrap alignment (seed: 384709)...

Create initial parsimony tree by phylogenetic likelihood library (PLL)... 2.541 seconds
Ascertainment bias correction: 4 unobservable constant patterns

NOTE: 229 MB RAM (0 GB) is required!
Estimate model parameters (epsilon = 0.100)
1. Initial log-likelihood: -2618144.636
2. Current log-likelihood: -2446929.019
3. Current log-likelihood: -2446783.717
Optimal log-likelihood: -2446783.697
Rate parameters:  A-C: 0.96249  A-G: 4.19071  A-T: 0.96296  C-G: 0.67685  C-T: 4.17576  G-T: 1.00000
Base frequencies:  A: 0.238  C: 0.264  G: 0.260  T: 0.238
Parameters optimization took 3 rounds (29.931 sec)
Computing ML distances based on estimated model parameters... 36.657 sec
Computing BIONJ tree...
0.023 seconds
Log-likelihood of BIONJ tree: -2478930.109
--------------------------------------------------------------------
|             INITIALIZING CANDIDATE TREE SET                      |
--------------------------------------------------------------------
Generating 98 parsimony trees... 339.023 second
Computing log-likelihood of 98 initial trees ... 155.582 seconds
Current best score: -2438513.965

Do NNI search on 20 best initial trees
Estimate model parameters (epsilon = 0.100)
BETTER TREE FOUND at iteration 1: -2437582.528
Estimate model parameters (epsilon = 0.100)
BETTER TREE FOUND at iteration 3: -2437497.001
Iteration 10 / LogL: -2439550.594 / Time: 0h:10m:30s
Iteration 20 / LogL: -2439340.269 / Time: 0h:11m:43s
Finish initializing candidate tree set (20)
Current best tree score: -2437497.001 / CPU time: 651.168
Number of iterations: 20
--------------------------------------------------------------------
|               OPTIMIZING CANDIDATE TREE SET                      |
--------------------------------------------------------------------
Estimate model parameters (epsilon = 0.100)
BETTER TREE FOUND at iteration 28: -2436830.733
Iteration 30 / LogL: -2437522.242 / Time: 0h:14m:30s (0h:48m:46s left)
Iteration 40 / LogL: -2437557.820 / Time: 0h:17m:3s (0h:38m:20s left)
Estimate model parameters (epsilon = 0.100)
BETTER TREE FOUND at iteration 43: -2436801.957
Estimate model parameters (epsilon = 0.100)
BETTER TREE FOUND at iteration 50: -2436691.654
Iteration 50 / LogL: -2436691.654 / Time: 0h:19m:57s (0h:40m:34s left)
Iteration 60 / LogL: -2437743.782 / Time: 0h:22m:38s (0h:34m:25s left)
Estimate model parameters (epsilon = 0.100)
BETTER TREE FOUND at iteration 65: -2436635.878
Estimate model parameters (epsilon = 0.100)
BETTER TREE FOUND at iteration 66: -2436621.167
Estimate model parameters (epsilon = 0.100)
BETTER TREE FOUND at iteration 68: -2436600.982
Iteration 70 / LogL: -2437856.889 / Time: 0h:25m:41s (0h:36m:22s left)
Estimate model parameters (epsilon = 0.100)
BETTER TREE FOUND at iteration 71: -2436548.396
Iteration 80 / LogL: -2437179.034 / Time: 0h:28m:39s (0h:32m:55s left)
Iteration 90 / LogL: -2442779.085 / Time: 0h:31m:31s (0h:28m:37s left)
Estimate model parameters (epsilon = 0.100)
BETTER TREE FOUND at iteration 91: -2436504.297
Estimate model parameters (epsilon = 0.100)
BETTER TREE FOUND at iteration 92: -2436476.857
Iteration 100 / LogL: -2436874.914 / Time: 0h:34m:31s (0h:32m:0s left)
Iteration 110 / LogL: -2437394.050 / Time: 0h:37m:4s (0h:27m:49s left)
Iteration 120 / LogL: -2436668.865 / Time: 0h:39m:49s (0h:24m:2s left)
Iteration 130 / LogL: -2437488.730 / Time: 0h:42m:39s (0h:20m:28s left)
Iteration 140 / LogL: -2437071.561 / Time: 0h:45m:23s (0h:16m:57s left)
Iteration 150 / LogL: -2436796.322 / Time: 0h:47m:58s (0h:13m:30s left)
Iteration 160 / LogL: -2436789.928 / Time: 0h:50m:30s (0h:10m:8s left)
Iteration 170 / LogL: -2452895.561 / Time: 0h:53m:9s (0h:6m:54s left)
Iteration 180 / LogL: -2436852.858 / Time: 0h:55m:57s (0h:3m:44s left)
Estimate model parameters (epsilon = 0.100)
BETTER TREE FOUND at iteration 190: -2436455.141
Iteration 190 / LogL: -2436455.141 / Time: 0h:58m:45s (0h:31m:3s left)
Iteration 200 / LogL: -2436729.892 / Time: 1h:1m:26s (0h:27m:45s left)
Iteration 210 / LogL: -2436663.459 / Time: 1h:4m:6s (0h:24m:30s left)
Iteration 220 / LogL: -2436469.850 / Time: 1h:6m:46s (0h:21m:19s left)
Estimate model parameters (epsilon = 0.100)
BETTER TREE FOUND at iteration 225: -2436452.783
Iteration 230 / LogL: -2436752.989 / Time: 1h:9m:40s (0h:28m:52s left)
Iteration 240 / LogL: -2440087.777 / Time: 1h:12m:21s (0h:25m:42s left)
Estimate model parameters (epsilon = 0.100)
BETTER TREE FOUND at iteration 241: -2436444.460
Iteration 250 / LogL: -2438087.799 / Time: 1h:15m:12s (0h:27m:27s left)
Iteration 260 / LogL: -2436447.917 / Time: 1h:17m:47s (0h:24m:18s left)
Iteration 270 / LogL: -2443537.274 / Time: 1h:20m:34s (0h:21m:14s left)
Iteration 280 / LogL: -2440977.931 / Time: 1h:23m:9s (0h:18m:9s left)
Iteration 290 / LogL: -2438354.168 / Time: 1h:25m:46s (0h:15m:7s left)
Iteration 300 / LogL: -2436532.502 / Time: 1h:28m:26s (0h:12m:6s left)
Iteration 310 / LogL: -2437160.806 / Time: 1h:30m:59s (0h:9m:7s left)
Iteration 320 / LogL: -2442753.179 / Time: 1h:33m:51s (0h:6m:10s left)
Iteration 330 / LogL: -2437032.300 / Time: 1h:36m:32s (0h:3m:13s left)
Iteration 340 / LogL: -2443829.802 / Time: 1h:39m:25s (0h:0m:17s left)
TREE SEARCH COMPLETED AFTER 342 ITERATIONS / Time: 1h:39m:56s

--------------------------------------------------------------------
|                    FINALIZING TREE SEARCH                        |
--------------------------------------------------------------------
Performs final model parameters optimization
Estimate model parameters (epsilon = 0.010)
1. Initial log-likelihood: -2436444.460
Optimal log-likelihood: -2436444.459
Rate parameters:  A-C: 0.96181  A-G: 4.19236  A-T: 0.96266  C-G: 0.67551  C-T: 4.18587  G-T: 1.00000
Base frequencies:  A: 0.238  C: 0.264  G: 0.260  T: 0.238
Parameters optimization took 1 rounds (3.610 sec)
BEST SCORE FOUND : -2436444.459
Total tree length: 5.176

Total number of iterations: 342
CPU time used for tree search: 17091.140 sec (4h:44m:51s)
Wall-clock time used for tree search: 5944.414 sec (1h:39m:4s)
Total CPU time used: 17245.647 sec (4h:47m:25s)
Total wall-clock time used: 6000.002 sec (1h:40m:0s)

===> START BOOTSTRAP REPLICATE NUMBER 8

Creating bootstrap alignment (seed: 384710)...

Create initial parsimony tree by phylogenetic likelihood library (PLL)... 3.078 seconds
Ascertainment bias correction: 4 unobservable constant patterns

NOTE: 228 MB RAM (0 GB) is required!
Estimate model parameters (epsilon = 0.100)
1. Initial log-likelihood: -2629098.113
2. Current log-likelihood: -2458516.004
3. Current log-likelihood: -2458371.451
Optimal log-likelihood: -2458371.405
Rate parameters:  A-C: 0.92617  A-G: 4.02023  A-T: 0.92123  C-G: 0.65081  C-T: 4.00080  G-T: 1.00000
Base frequencies:  A: 0.234  C: 0.266  G: 0.260  T: 0.239
Parameters optimization took 3 rounds (26.322 sec)
Computing ML distances based on estimated model parameters... 36.370 sec
Computing BIONJ tree...
0.023 seconds
Log-likelihood of BIONJ tree: -2480560.747
--------------------------------------------------------------------
|             INITIALIZING CANDIDATE TREE SET                      |
--------------------------------------------------------------------
Generating 98 parsimony trees... 339.237 second
Computing log-likelihood of 98 initial trees ... 153.105 seconds
Current best score: -2442626.708

Do NNI search on 20 best initial trees
Estimate model parameters (epsilon = 0.100)
BETTER TREE FOUND at iteration 1: -2442318.642
Estimate model parameters (epsilon = 0.100)
BETTER TREE FOUND at iteration 4: -2441666.833
Iteration 10 / LogL: -2442061.168 / Time: 0h:10m:25s
Iteration 20 / LogL: -2442086.753 / Time: 0h:11m:39s
Finish initializing candidate tree set (20)
Current best tree score: -2441666.833 / CPU time: 650.213
Number of iterations: 20
--------------------------------------------------------------------
|               OPTIMIZING CANDIDATE TREE SET                      |
--------------------------------------------------------------------
Estimate model parameters (epsilon = 0.100)
BETTER TREE FOUND at iteration 21: -2441486.516
Iteration 30 / LogL: -2442681.671 / Time: 0h:14m:43s (0h:45m:57s left)
Iteration 40 / LogL: -2445028.352 / Time: 0h:17m:33s (0h:36m:17s left)
Iteration 50 / LogL: -2442890.080 / Time: 0h:20m:15s (0h:29m:12s left)
Iteration 60 / LogL: -2442432.160 / Time: 0h:22m:54s (0h:23m:36s left)
Estimate model parameters (epsilon = 0.100)
BETTER TREE FOUND at iteration 64: -2441480.720
Iteration 70 / LogL: -2441496.628 / Time: 0h:25m:54s (0h:35m:10s left)
Iteration 80 / LogL: -2441823.372 / Time: 0h:28m:49s (0h:30m:33s left)
Estimate model parameters (epsilon = 0.100)
BETTER TREE FOUND at iteration 88: -2441420.066
Iteration 90 / LogL: -2441757.026 / Time: 0h:31m:39s (0h:34m:46s left)
Iteration 100 / LogL: -2442612.530 / Time: 0h:34m:20s (0h:30m:27s left)
Iteration 110 / LogL: -2446168.556 / Time: 0h:36m:56s (0h:26m:22s left)
Iteration 120 / LogL: -2441463.095 / Time: 0h:39m:34s (0h:22m:33s left)
Iteration 130 / LogL: -2449311.071 / Time: 0h:42m:16s (0h:18m:58s left)
Estimate model parameters (epsilon = 0.100)
BETTER TREE FOUND at iteration 134: -2441376.908
Iteration 140 / LogL: -2441548.410 / Time: 0h:45m:6s (0h:30m:26s left)
Estimate model parameters (epsilon = 0.100)
BETTER TREE FOUND at iteration 144: -2441230.464
Iteration 150 / LogL: -2442101.798 / Time: 0h:48m:1s (0h:30m:14s left)
Iteration 160 / LogL: -2442680.206 / Time: 0h:50m:47s (0h:26m:47s left)
Estimate model parameters (epsilon = 0.100)
BETTER TREE FOUND at iteration 165: -2441210.154
Estimate model parameters (epsilon = 0.100)
BETTER TREE FOUND at iteration 167: -2441196.525
Iteration 170 / LogL: -2442212.190 / Time: 0h:53m:42s (0h:30m:46s left)
Iteration 180 / LogL: -2446994.298 / Time: 0h:56m:36s (0h:27m:28s left)
Iteration 190 / LogL: -2442029.660 / Time: 0h:59m:30s (0h:24m:12s left)
Estimate model parameters (epsilon = 0.100)
BETTER TREE FOUND at iteration 197: -2441189.524
Iteration 200 / LogL: -2441198.284 / Time: 1h:2m:27s (0h:30m:23s left)
Iteration 210 / LogL: -2441242.618 / Time: 1h:5m:25s (0h:27m:11s left)
Iteration 220 / LogL: -2441232.646 / Time: 1h:8m:16s (0h:23m:58s left)
Iteration 230 / LogL: -2441355.758 / Time: 1h:10m:59s (0h:20m:44s left)
Estimate model parameters (epsilon = 0.100)
BETTER TREE FOUND at iteration 240: -2441178.906
Iteration 240 / LogL: -2441178.906 / Time: 1h:13m:46s (0h:30m:50s left)
Iteration 250 / LogL: -2446158.355 / Time: 1h:16m:27s (0h:27m:36s left)
Estimate model parameters (epsilon = 0.100)
BETTER TREE FOUND at iteration 259: -2441177.929
Iteration 260 / LogL: -2441179.091 / Time: 1h:19m:21s (0h:30m:17s left)
Iteration 270 / LogL: -2441497.206 / Time: 1h:21m:59s (0h:27m:6s left)
Iteration 280 / LogL: -2447173.729 / Time: 1h:24m:44s (0h:23m:58s left)
Iteration 290 / LogL: -2441505.785 / Time: 1h:27m:26s (0h:20m:51s left)
Iteration 300 / LogL: -2445789.338 / Time: 1h:30m:19s (0h:17m:48s left)
Estimate model parameters (epsilon = 0.100)
BETTER TREE FOUND at iteration 308: -2441172.452
Iteration 310 / LogL: -2442495.032 / Time: 1h:33m:5s (0h:29m:29s left)
Iteration 320 / LogL: -2442554.273 / Time: 1h:35m:46s (0h:26m:23s left)
Iteration 330 / LogL: -2441861.781 / Time: 1h:38m:26s (0h:23m:19s left)
Iteration 340 / LogL: -2441334.553 / Time: 1h:41m:0s (0h:20m:14s left)
Iteration 350 / LogL: -2446337.350 / Time: 1h:43m:38s (0h:17m:12s left)
Iteration 360 / LogL: -2441298.895 / Time: 1h:46m:20s (0h:14m:12s left)
Iteration 370 / LogL: -2441496.722 / Time: 1h:49m:31s (0h:11m:16s left)
Iteration 380 / LogL: -2442050.922 / Time: 1h:52m:42s (0h:8m:19s left)
Iteration 390 / LogL: -2441842.426 / Time: 1h:56m:16s (0h:5m:22s left)
Iteration 400 / LogL: -2441175.914 / Time: 1h:59m:16s (0h:2m:23s left)
TREE SEARCH COMPLETED AFTER 409 ITERATIONS / Time: 2h:3m:42s

--------------------------------------------------------------------
|                    FINALIZING TREE SEARCH                        |
--------------------------------------------------------------------
Performs final model parameters optimization
Estimate model parameters (epsilon = 0.010)
1. Initial log-likelihood: -2441172.452
2. Current log-likelihood: -2441172.439
3. Current log-likelihood: -2441172.425
4. Current log-likelihood: -2441172.413
5. Current log-likelihood: -2441172.400
6. Current log-likelihood: -2441172.389
Optimal log-likelihood: -2441172.383
Rate parameters:  A-C: 0.92928  A-G: 4.04186  A-T: 0.92605  C-G: 0.65010  C-T: 4.02319  G-T: 1.00000
Base frequencies:  A: 0.234  C: 0.266  G: 0.260  T: 0.239
Parameters optimization took 6 rounds (17.853 sec)
BEST SCORE FOUND : -2441172.383
Total tree length: 5.190

Total number of iterations: 409
CPU time used for tree search: 20626.452 sec (5h:43m:46s)
Wall-clock time used for tree search: 7373.145 sec (2h:2m:53s)
Total CPU time used: 20814.374 sec (5h:46m:54s)
Total wall-clock time used: 7440.690 sec (2h:4m:0s)

===> START BOOTSTRAP REPLICATE NUMBER 9

Creating bootstrap alignment (seed: 384711)...

Create initial parsimony tree by phylogenetic likelihood library (PLL)... 2.972 seconds
Ascertainment bias correction: 4 unobservable constant patterns

NOTE: 229 MB RAM (0 GB) is required!
Estimate model parameters (epsilon = 0.100)
1. Initial log-likelihood: -2616498.702
2. Current log-likelihood: -2442290.808
3. Current log-likelihood: -2442143.627
Optimal log-likelihood: -2442143.605
Rate parameters:  A-C: 0.99382  A-G: 4.16430  A-T: 0.96978  C-G: 0.68589  C-T: 4.20667  G-T: 1.00000
Base frequencies:  A: 0.236  C: 0.262  G: 0.262  T: 0.240
Parameters optimization took 3 rounds (23.513 sec)
Computing ML distances based on estimated model parameters... 40.273 sec
Computing BIONJ tree...
29.191 seconds
Log-likelihood of BIONJ tree: -2476405.866
--------------------------------------------------------------------
|             INITIALIZING CANDIDATE TREE SET                      |
--------------------------------------------------------------------
Generating 98 parsimony trees... 326.685 second
Computing log-likelihood of 98 initial trees ... 150.011 seconds
Current best score: -2435609.617

Do NNI search on 20 best initial trees
Estimate model parameters (epsilon = 0.100)
BETTER TREE FOUND at iteration 1: -2434165.124
Iteration 10 / LogL: -2435078.124 / Time: 0h:12m:4s
Iteration 20 / LogL: -2435611.464 / Time: 0h:13m:18s
Finish initializing candidate tree set (20)
Current best tree score: -2434165.124 / CPU time: 800.610
Number of iterations: 20
--------------------------------------------------------------------
|               OPTIMIZING CANDIDATE TREE SET                      |
--------------------------------------------------------------------
Iteration 30 / LogL: -2434269.611 / Time: 0h:18m:48s (0h:45m:50s left)
Iteration 40 / LogL: -2434623.421 / Time: 0h:21m:45s (0h:33m:53s left)
Iteration 50 / LogL: -2434220.271 / Time: 0h:24m:27s (0h:25m:22s left)
Iteration 60 / LogL: -2434509.124 / Time: 0h:27m:5s (0h:18m:46s left)
Estimate model parameters (epsilon = 0.100)
BETTER TREE FOUND at iteration 70: -2434154.711
Iteration 70 / LogL: -2434154.711 / Time: 0h:29m:52s (0h:43m:10s left)
Iteration 80 / LogL: -2436879.890 / Time: 0h:32m:36s (0h:37m:3s left)
Iteration 90 / LogL: -2434296.777 / Time: 0h:35m:20s (0h:31m:41s left)
Estimate model parameters (epsilon = 0.100)
BETTER TREE FOUND at iteration 93: -2434110.157
Estimate model parameters (epsilon = 0.100)
BETTER TREE FOUND at iteration 98: -2434104.710
Estimate model parameters (epsilon = 0.100)
BETTER TREE FOUND at iteration 100: -2434010.003
Iteration 100 / LogL: -2434010.003 / Time: 0h:38m:27s (0h:38m:45s left)
Iteration 110 / LogL: -2434426.144 / Time: 0h:41m:14s (0h:33m:59s left)
Iteration 120 / LogL: -2434844.516 / Time: 0h:44m:3s (0h:29m:33s left)
Estimate model parameters (epsilon = 0.100)
BETTER TREE FOUND at iteration 124: -2434007.866
Iteration 130 / LogL: -2434378.403 / Time: 0h:47m:2s (0h:34m:12s left)
Iteration 140 / LogL: -2434995.747 / Time: 0h:49m:36s (0h:29m:55s left)
Iteration 150 / LogL: -2434267.060 / Time: 0h:52m:11s (0h:25m:52s left)
Iteration 160 / LogL: -2437329.450 / Time: 0h:54m:54s (0h:22m:3s left)
Iteration 170 / LogL: -2434273.365 / Time: 0h:57m:29s (0h:18m:20s left)
Iteration 180 / LogL: -2438993.970 / Time: 1h:0m:8s (0h:14m:45s left)
Iteration 190 / LogL: -2435481.755 / Time: 1h:2m:53s (0h:11m:17s left)
Iteration 200 / LogL: -2434311.387 / Time: 1h:5m:42s (0h:7m:54s left)
Iteration 210 / LogL: -2434555.890 / Time: 1h:8m:30s (0h:4m:35s left)
Iteration 220 / LogL: -2439911.938 / Time: 1h:11m:15s (0h:1m:17s left)
TREE SEARCH COMPLETED AFTER 225 ITERATIONS / Time: 1h:12m:40s

--------------------------------------------------------------------
|                    FINALIZING TREE SEARCH                        |
--------------------------------------------------------------------
Performs final model parameters optimization
Estimate model parameters (epsilon = 0.010)
1. Initial log-likelihood: -2434007.866
2. Current log-likelihood: -2434007.844
3. Current log-likelihood: -2434007.826
4. Current log-likelihood: -2434007.806
5. Current log-likelihood: -2434007.790
Optimal log-likelihood: -2434007.789
Rate parameters:  A-C: 0.99414  A-G: 4.17858  A-T: 0.96768  C-G: 0.68602  C-T: 4.21354  G-T: 1.00000
Base frequencies:  A: 0.236  C: 0.262  G: 0.262  T: 0.240
Parameters optimization took 5 rounds (14.990 sec)
BEST SCORE FOUND : -2434007.789
Total tree length: 5.161

Total number of iterations: 225
CPU time used for tree search: 11254.330 sec (3h:7m:34s)
Wall-clock time used for tree search: 4184.772 sec (1h:9m:44s)
Total CPU time used: 11435.484 sec (3h:10m:35s)
Total wall-clock time used: 4375.263 sec (1h:12m:55s)

===> START BOOTSTRAP REPLICATE NUMBER 10

Creating bootstrap alignment (seed: 384712)...

Create initial parsimony tree by phylogenetic likelihood library (PLL)... 3.021 seconds
Ascertainment bias correction: 4 unobservable constant patterns

NOTE: 228 MB RAM (0 GB) is required!
Estimate model parameters (epsilon = 0.100)
1. Initial log-likelihood: -2625621.593
2. Current log-likelihood: -2453500.908
3. Current log-likelihood: -2453340.565
Optimal log-likelihood: -2453340.540
Rate parameters:  A-C: 0.93786  A-G: 4.12816  A-T: 0.96020  C-G: 0.67795  C-T: 4.07769  G-T: 1.00000
Base frequencies:  A: 0.235  C: 0.265  G: 0.262  T: 0.239
Parameters optimization took 3 rounds (26.898 sec)
Computing ML distances based on estimated model parameters... 37.565 sec
Computing BIONJ tree...
0.023 seconds
Log-likelihood of BIONJ tree: -2480687.156
--------------------------------------------------------------------
|             INITIALIZING CANDIDATE TREE SET                      |
--------------------------------------------------------------------
Generating 98 parsimony trees... 333.968 second
Computing log-likelihood of 98 initial trees ... 175.533 seconds
Current best score: -2443125.464

Do NNI search on 20 best initial trees
Estimate model parameters (epsilon = 0.100)
BETTER TREE FOUND at iteration 1: -2441901.649
Iteration 10 / LogL: -2442767.250 / Time: 0h:10m:51s
Iteration 20 / LogL: -2443553.523 / Time: 0h:12m:17s
Finish initializing candidate tree set (20)
Current best tree score: -2441901.649 / CPU time: 688.373
Number of iterations: 20
--------------------------------------------------------------------
|               OPTIMIZING CANDIDATE TREE SET                      |
--------------------------------------------------------------------
Estimate model parameters (epsilon = 0.100)
BETTER TREE FOUND at iteration 24: -2441595.896
Estimate model parameters (epsilon = 0.100)
BETTER TREE FOUND at iteration 30: -2441508.882
Iteration 30 / LogL: -2441508.882 / Time: 0h:15m:30s (0h:53m:11s left)
Estimate model parameters (epsilon = 0.100)
BETTER TREE FOUND at iteration 37: -2441416.924
Iteration 40 / LogL: -2444863.206 / Time: 0h:18m:39s (0h:46m:12s left)
